Running Sphinx v1.5.3
making output directory...
/usr/local/lib/python2.7/dist-packages/sphinx/util/requests.py:50: UserWarning: Some links may return broken results due to being unable to check the Server Name Indication (SNI) in the returned SSL cert against the hostname in the url requested. Recommended to install "requests[security]" as a dependency or upgrade to a python version with SNI support (Python 3 and Python 2.7.9+).
  'Some links may return broken results due to being unable to '
loading pickled environment... not yet created
building [mo]: targets for 0 po files that are out of date
building [html]: targets for 5 source files that are out of date
updating environment: 5 added, 0 changed, 0 removed
reading sources... [ 20%] adapters/spark
reading sources... [ 40%] adapters/stream
reading sources... [ 60%] adapters/vertx
reading sources... [ 80%] index
reading sources... [100%] user-guide

/mnt/c/work/experiments/eventuate/eventuateEventSourcedActors/src/sphinx/adapters/spark.rst:19: WARNING: Include file u'/mnt/c/work/experiments/eventuate/eventuateEventSourcedActors/src/sphinx/adapters/../../../eventuate-example-spark/src/main/scala/com/rbmhtechnology/example/spark/SparkBatchAdapterExample.scala' not found or reading it failed
/mnt/c/work/experiments/eventuate/eventuateEventSourcedActors/src/sphinx/adapters/spark.rst:26: WARNING: Include file u'/mnt/c/work/experiments/eventuate/eventuateEventSourcedActors/src/sphinx/adapters/../../../eventuate-example-spark/src/main/scala/com/rbmhtechnology/example/spark/SparkBatchAdapterExample.scala' not found or reading it failed
/mnt/c/work/experiments/eventuate/eventuateEventSourcedActors/src/sphinx/adapters/spark.rst:31: WARNING: Include file u'/mnt/c/work/experiments/eventuate/eventuateEventSourcedActors/src/sphinx/adapters/../../../eventuate-example-spark/src/main/scala/com/rbmhtechnology/example/spark/SparkBatchAdapterExample.scala' not found or reading it failed
/mnt/c/work/experiments/eventuate/eventuateEventSourcedActors/src/sphinx/adapters/spark.rst:42: WARNING: Include file u'/mnt/c/work/experiments/eventuate/eventuateEventSourcedActors/src/sphinx/adapters/../../../eventuate-example-spark/src/main/scala/com/rbmhtechnology/example/spark/SparkStreamAdapterExample.scala' not found or reading it failed
/mnt/c/work/experiments/eventuate/eventuateEventSourcedActors/src/sphinx/adapters/stream.rst:10: WARNING: Include file u'/mnt/c/work/experiments/eventuate/eventuateEventSourcedActors/src/sphinx/adapters/../../../eventuate-example-stream/src/main/scala/com/rbmhtechnology/example/stream/DurableEventLogs.scala' not found or reading it failed
/mnt/c/work/experiments/eventuate/eventuateEventSourcedActors/src/sphinx/adapters/stream.rst:22: WARNING: Include file u'/mnt/c/work/experiments/eventuate/eventuateEventSourcedActors/src/sphinx/adapters/../../../eventuate-example-stream/src/main/scala/com/rbmhtechnology/example/stream/DurableEventSourceExample.scala' not found or reading it failed
/mnt/c/work/experiments/eventuate/eventuateEventSourcedActors/src/sphinx/adapters/stream.rst:29: WARNING: Include file u'/mnt/c/work/experiments/eventuate/eventuateEventSourcedActors/src/sphinx/adapters/../../../eventuate-example-stream/src/main/scala/com/rbmhtechnology/example/stream/DurableEventSourceExample.scala' not found or reading it failed
/mnt/c/work/experiments/eventuate/eventuateEventSourcedActors/src/sphinx/adapters/stream.rst:44: WARNING: Include file u'/mnt/c/work/experiments/eventuate/eventuateEventSourcedActors/src/sphinx/adapters/../../../eventuate-example-stream/src/main/scala/com/rbmhtechnology/example/stream/DurableEventWriterExample.scala' not found or reading it failed
/mnt/c/work/experiments/eventuate/eventuateEventSourcedActors/src/sphinx/adapters/stream.rst:67: WARNING: Include file u'/mnt/c/work/experiments/eventuate/eventuateEventSourcedActors/src/sphinx/adapters/../../../eventuate-example-stream/src/main/scala/com/rbmhtechnology/example/stream/DurableEventProcessorExample.scala' not found or reading it failed
/mnt/c/work/experiments/eventuate/eventuateEventSourcedActors/src/sphinx/adapters/stream.rst:72: WARNING: Include file u'/mnt/c/work/experiments/eventuate/eventuateEventSourcedActors/src/sphinx/adapters/../../../eventuate-example-stream/src/main/scala/com/rbmhtechnology/example/stream/DurableEventProcessorExample.scala' not found or reading it failed
/mnt/c/work/experiments/eventuate/eventuateEventSourcedActors/src/sphinx/adapters/stream.rst:85: WARNING: Include file u'/mnt/c/work/experiments/eventuate/eventuateEventSourcedActors/src/sphinx/adapters/../../../eventuate-example-stream/src/main/scala/com/rbmhtechnology/example/stream/DurableEventProcessorExample.scala' not found or reading it failed
/mnt/c/work/experiments/eventuate/eventuateEventSourcedActors/src/sphinx/adapters/stream.rst:95: WARNING: Include file u'/mnt/c/work/experiments/eventuate/eventuateEventSourcedActors/src/sphinx/adapters/../../../eventuate-example-stream/src/main/scala/com/rbmhtechnology/example/stream/DurableEventProcessorExample.scala' not found or reading it failed
/mnt/c/work/experiments/eventuate/eventuateEventSourcedActors/src/sphinx/adapters/stream.rst:110: WARNING: Include file u'/mnt/c/work/experiments/eventuate/eventuateEventSourcedActors/src/sphinx/adapters/../../../eventuate-example-stream/src/main/scala/com/rbmhtechnology/example/stream/ProgressSourceExample.scala' not found or reading it failed
/mnt/c/work/experiments/eventuate/eventuateEventSourcedActors/src/sphinx/adapters/vertx.rst:29: WARNING: Include file u'/mnt/c/work/experiments/eventuate/eventuateEventSourcedActors/src/sphinx/adapters/../../../eventuate-example-vertx/src/main/scala/com/rbmhtechnology/docs/vertx/Documentation.scala' not found or reading it failed
/mnt/c/work/experiments/eventuate/eventuateEventSourcedActors/src/sphinx/adapters/vertx.rst:31: WARNING: Include file u'/mnt/c/work/experiments/eventuate/eventuateEventSourcedActors/src/sphinx/adapters/../../../eventuate-example-vertx/src/main/java/com/rbmhtechnology/docs/vertx/japi/Documentation.java' not found or reading it failed
/mnt/c/work/experiments/eventuate/eventuateEventSourcedActors/src/sphinx/adapters/vertx.rst:37: WARNING: Include file u'/mnt/c/work/experiments/eventuate/eventuateEventSourcedActors/src/sphinx/adapters/../../../eventuate-example-vertx/src/main/scala/com/rbmhtechnology/docs/vertx/Documentation.scala' not found or reading it failed
/mnt/c/work/experiments/eventuate/eventuateEventSourcedActors/src/sphinx/adapters/vertx.rst:39: WARNING: Include file u'/mnt/c/work/experiments/eventuate/eventuateEventSourcedActors/src/sphinx/adapters/../../../eventuate-example-vertx/src/main/java/com/rbmhtechnology/docs/vertx/japi/Documentation.java' not found or reading it failed
/mnt/c/work/experiments/eventuate/eventuateEventSourcedActors/src/sphinx/adapters/vertx.rst:56: WARNING: Include file u'/mnt/c/work/experiments/eventuate/eventuateEventSourcedActors/src/sphinx/adapters/../../../eventuate-example-vertx/src/main/scala/com/rbmhtechnology/docs/vertx/Documentation.scala' not found or reading it failed
/mnt/c/work/experiments/eventuate/eventuateEventSourcedActors/src/sphinx/adapters/vertx.rst:58: WARNING: Include file u'/mnt/c/work/experiments/eventuate/eventuateEventSourcedActors/src/sphinx/adapters/../../../eventuate-example-vertx/src/main/java/com/rbmhtechnology/docs/vertx/japi/Documentation.java' not found or reading it failed
/mnt/c/work/experiments/eventuate/eventuateEventSourcedActors/src/sphinx/adapters/vertx.rst:64: WARNING: Include file u'/mnt/c/work/experiments/eventuate/eventuateEventSourcedActors/src/sphinx/adapters/../../../eventuate-example-vertx/src/main/scala/com/rbmhtechnology/docs/vertx/Documentation.scala' not found or reading it failed
/mnt/c/work/experiments/eventuate/eventuateEventSourcedActors/src/sphinx/adapters/vertx.rst:66: WARNING: Include file u'/mnt/c/work/experiments/eventuate/eventuateEventSourcedActors/src/sphinx/adapters/../../../eventuate-example-vertx/src/main/java/com/rbmhtechnology/docs/vertx/japi/Documentation.java' not found or reading it failed
/mnt/c/work/experiments/eventuate/eventuateEventSourcedActors/src/sphinx/adapters/vertx.rst:82: WARNING: Include file u'/mnt/c/work/experiments/eventuate/eventuateEventSourcedActors/src/sphinx/adapters/../../../eventuate-example-vertx/src/main/scala/com/rbmhtechnology/docs/vertx/Documentation.scala' not found or reading it failed
/mnt/c/work/experiments/eventuate/eventuateEventSourcedActors/src/sphinx/adapters/vertx.rst:84: WARNING: Include file u'/mnt/c/work/experiments/eventuate/eventuateEventSourcedActors/src/sphinx/adapters/../../../eventuate-example-vertx/src/main/java/com/rbmhtechnology/docs/vertx/japi/Documentation.java' not found or reading it failed
/mnt/c/work/experiments/eventuate/eventuateEventSourcedActors/src/sphinx/adapters/vertx.rst:98: WARNING: Include file u'/mnt/c/work/experiments/eventuate/eventuateEventSourcedActors/src/sphinx/adapters/../../../eventuate-example-vertx/src/main/scala/com/rbmhtechnology/docs/vertx/Documentation.scala' not found or reading it failed
/mnt/c/work/experiments/eventuate/eventuateEventSourcedActors/src/sphinx/adapters/vertx.rst:100: WARNING: Include file u'/mnt/c/work/experiments/eventuate/eventuateEventSourcedActors/src/sphinx/adapters/../../../eventuate-example-vertx/src/main/java/com/rbmhtechnology/docs/vertx/japi/Documentation.java' not found or reading it failed
/mnt/c/work/experiments/eventuate/eventuateEventSourcedActors/src/sphinx/adapters/vertx.rst:108: WARNING: Include file u'/mnt/c/work/experiments/eventuate/eventuateEventSourcedActors/src/sphinx/adapters/../../../eventuate-example-vertx/src/main/scala/com/rbmhtechnology/docs/vertx/Documentation.scala' not found or reading it failed
/mnt/c/work/experiments/eventuate/eventuateEventSourcedActors/src/sphinx/adapters/vertx.rst:110: WARNING: Include file u'/mnt/c/work/experiments/eventuate/eventuateEventSourcedActors/src/sphinx/adapters/../../../eventuate-example-vertx/src/main/java/com/rbmhtechnology/docs/vertx/japi/Documentation.java' not found or reading it failed
/mnt/c/work/experiments/eventuate/eventuateEventSourcedActors/src/sphinx/adapters/vertx.rst:121: WARNING: Include file u'/mnt/c/work/experiments/eventuate/eventuateEventSourcedActors/src/sphinx/adapters/../../../eventuate-example-vertx/src/main/scala/com/rbmhtechnology/docs/vertx/Documentation.scala' not found or reading it failed
/mnt/c/work/experiments/eventuate/eventuateEventSourcedActors/src/sphinx/adapters/vertx.rst:123: WARNING: Include file u'/mnt/c/work/experiments/eventuate/eventuateEventSourcedActors/src/sphinx/adapters/../../../eventuate-example-vertx/src/main/java/com/rbmhtechnology/docs/vertx/japi/Documentation.java' not found or reading it failed
/mnt/c/work/experiments/eventuate/eventuateEventSourcedActors/src/sphinx/adapters/vertx.rst:129: WARNING: Include file u'/mnt/c/work/experiments/eventuate/eventuateEventSourcedActors/src/sphinx/adapters/../../../eventuate-example-vertx/src/main/scala/com/rbmhtechnology/docs/vertx/Documentation.scala' not found or reading it failed
/mnt/c/work/experiments/eventuate/eventuateEventSourcedActors/src/sphinx/adapters/vertx.rst:131: WARNING: Include file u'/mnt/c/work/experiments/eventuate/eventuateEventSourcedActors/src/sphinx/adapters/../../../eventuate-example-vertx/src/main/java/com/rbmhtechnology/docs/vertx/japi/Documentation.java' not found or reading it failed
/mnt/c/work/experiments/eventuate/eventuateEventSourcedActors/src/sphinx/adapters/vertx.rst:139: WARNING: Include file u'/mnt/c/work/experiments/eventuate/eventuateEventSourcedActors/src/sphinx/adapters/../../../eventuate-example-vertx/src/main/scala/com/rbmhtechnology/docs/vertx/Documentation.scala' not found or reading it failed
/mnt/c/work/experiments/eventuate/eventuateEventSourcedActors/src/sphinx/adapters/vertx.rst:141: WARNING: Include file u'/mnt/c/work/experiments/eventuate/eventuateEventSourcedActors/src/sphinx/adapters/../../../eventuate-example-vertx/src/main/java/com/rbmhtechnology/docs/vertx/japi/Documentation.java' not found or reading it failed
/mnt/c/work/experiments/eventuate/eventuateEventSourcedActors/src/sphinx/adapters/vertx.rst:160: WARNING: Include file u'/mnt/c/work/experiments/eventuate/eventuateEventSourcedActors/src/sphinx/adapters/../../../eventuate-example-vertx/src/main/scala/com/rbmhtechnology/docs/vertx/Documentation.scala' not found or reading it failed
/mnt/c/work/experiments/eventuate/eventuateEventSourcedActors/src/sphinx/adapters/vertx.rst:162: WARNING: Include file u'/mnt/c/work/experiments/eventuate/eventuateEventSourcedActors/src/sphinx/adapters/../../../eventuate-example-vertx/src/main/java/com/rbmhtechnology/docs/vertx/japi/Documentation.java' not found or reading it failed
/mnt/c/work/experiments/eventuate/eventuateEventSourcedActors/src/sphinx/adapters/vertx.rst:170: WARNING: Include file u'/mnt/c/work/experiments/eventuate/eventuateEventSourcedActors/src/sphinx/adapters/../../../eventuate-example-vertx/src/main/scala/com/rbmhtechnology/docs/vertx/Documentation.scala' not found or reading it failed
/mnt/c/work/experiments/eventuate/eventuateEventSourcedActors/src/sphinx/adapters/vertx.rst:172: WARNING: Include file u'/mnt/c/work/experiments/eventuate/eventuateEventSourcedActors/src/sphinx/adapters/../../../eventuate-example-vertx/src/main/java/com/rbmhtechnology/docs/vertx/japi/Documentation.java' not found or reading it failed
/mnt/c/work/experiments/eventuate/eventuateEventSourcedActors/src/sphinx/adapters/vertx.rst:188: WARNING: Include file u'/mnt/c/work/experiments/eventuate/eventuateEventSourcedActors/src/sphinx/adapters/../../../eventuate-example-vertx/src/main/scala/com/rbmhtechnology/docs/vertx/Documentation.scala' not found or reading it failed
/mnt/c/work/experiments/eventuate/eventuateEventSourcedActors/src/sphinx/adapters/vertx.rst:190: WARNING: Include file u'/mnt/c/work/experiments/eventuate/eventuateEventSourcedActors/src/sphinx/adapters/../../../eventuate-example-vertx/src/main/java/com/rbmhtechnology/docs/vertx/japi/Documentation.java' not found or reading it failed
/mnt/c/work/experiments/eventuate/eventuateEventSourcedActors/src/sphinx/adapters/vertx.rst:208: WARNING: Include file u'/mnt/c/work/experiments/eventuate/eventuateEventSourcedActors/src/sphinx/adapters/../../../eventuate-example-vertx/src/main/scala/com/rbmhtechnology/docs/vertx/Documentation.scala' not found or reading it failed
/mnt/c/work/experiments/eventuate/eventuateEventSourcedActors/src/sphinx/adapters/vertx.rst:210: WARNING: Include file u'/mnt/c/work/experiments/eventuate/eventuateEventSourcedActors/src/sphinx/adapters/../../../eventuate-example-vertx/src/main/java/com/rbmhtechnology/docs/vertx/japi/Documentation.java' not found or reading it failed
/mnt/c/work/experiments/eventuate/eventuateEventSourcedActors/src/sphinx/adapters/vertx.rst:217: WARNING: Include file u'/mnt/c/work/experiments/eventuate/eventuateEventSourcedActors/src/sphinx/adapters/../../../eventuate-example-vertx/src/main/scala/com/rbmhtechnology/docs/vertx/Documentation.scala' not found or reading it failed
/mnt/c/work/experiments/eventuate/eventuateEventSourcedActors/src/sphinx/adapters/vertx.rst:219: WARNING: Include file u'/mnt/c/work/experiments/eventuate/eventuateEventSourcedActors/src/sphinx/adapters/../../../eventuate-example-vertx/src/main/java/com/rbmhtechnology/docs/vertx/japi/Documentation.java' not found or reading it failed
/mnt/c/work/experiments/eventuate/eventuateEventSourcedActors/src/sphinx/user-guide.rst:275: WARNING: Include file u'/mnt/c/work/experiments/eventuate/eventuateEventSourcedActors/src/sphinx/../../eventuate-crdt/main/scala/com/rbmhtechnology/eventuate/crdt/ORSet.scala' not found or reading it failed
/mnt/c/work/experiments/eventuate/eventuateEventSourcedActors/src/sphinx/user-guide.rst:350: WARNING: Snippet "event-driven-communication" not found!
looking for now-outdated files... none found
pickling environment... done
checking consistency... /mnt/c/work/experiments/eventuate/eventuateEventSourcedActors/src/sphinx/adapters/spark.rst:: WARNING: document isn't included in any toctree
/mnt/c/work/experiments/eventuate/eventuateEventSourcedActors/src/sphinx/adapters/stream.rst:: WARNING: document isn't included in any toctree
/mnt/c/work/experiments/eventuate/eventuateEventSourcedActors/src/sphinx/adapters/vertx.rst:: WARNING: document isn't included in any toctree
/mnt/c/work/experiments/eventuate/eventuateEventSourcedActors/src/sphinx/user-guide.rst:: WARNING: document isn't included in any toctree
done
preparing documents... done
writing output... [ 20%] adapters/spark
writing output... [ 40%] adapters/stream
writing output... [ 60%] adapters/vertx
writing output... [ 80%] index
writing output... [100%] user-guide
/mnt/c/work/experiments/eventuate/eventuateEventSourcedActors/src/sphinx/user-guide.rst:99: WARNING: Could not lex literal_block as "scala". Highlighting skipped.
/mnt/c/work/experiments/eventuate/eventuateEventSourcedActors/src/sphinx/user-guide.rst:103: WARNING: Could not lex literal_block as "scala". Highlighting skipped.
/mnt/c/work/experiments/eventuate/eventuateEventSourcedActors/src/sphinx/user-guide.rst:131: WARNING: Could not lex literal_block as "scala". Highlighting skipped.
/mnt/c/work/experiments/eventuate/eventuateEventSourcedActors/src/sphinx/user-guide.rst:147: WARNING: Could not lex literal_block as "scala". Highlighting skipped.
/mnt/c/work/experiments/eventuate/eventuateEventSourcedActors/src/sphinx/user-guide.rst:160: WARNING: Could not lex literal_block as "scala". Highlighting skipped.

/mnt/c/work/experiments/eventuate/eventuateEventSourcedActors/src/sphinx/adapters/spark.rst:9: WARNING: undefined label: download (if the link has no caption the label must precede a section header)
/mnt/c/work/experiments/eventuate/eventuateEventSourcedActors/src/sphinx/adapters/spark.rst:17: WARNING: undefined label: cassandra-storage-backend (if the link has no caption the label must precede a section header)
/mnt/c/work/experiments/eventuate/eventuateEventSourcedActors/src/sphinx/adapters/spark.rst:22: WARNING: undefined label: event-serialization (if the link has no caption the label must precede a section header)
/mnt/c/work/experiments/eventuate/eventuateEventSourcedActors/src/sphinx/adapters/spark.rst:45: WARNING: undefined label: event-serialization (if the link has no caption the label must precede a section header)
/mnt/c/work/experiments/eventuate/eventuateEventSourcedActors/src/sphinx/adapters/spark.rst:66: WARNING: undefined label: replication-endpoints (if the link has no caption the label must precede a section header)
/mnt/c/work/experiments/eventuate/eventuateEventSourcedActors/src/sphinx/adapters/stream.rst:6: WARNING: undefined label: event-logs (if the link has no caption the label must precede a section header)
/mnt/c/work/experiments/eventuate/eventuateEventSourcedActors/src/sphinx/adapters/stream.rst:8: WARNING: undefined label: local-event-log (if the link has no caption the label must precede a section header)
/mnt/c/work/experiments/eventuate/eventuateEventSourcedActors/src/sphinx/adapters/stream.rst:8: WARNING: undefined label: leveldb-storage-backend (if the link has no caption the label must precede a section header)
/mnt/c/work/experiments/eventuate/eventuateEventSourcedActors/src/sphinx/adapters/stream.rst:13: WARNING: undefined label: replicated-event-log (if the link has no caption the label must precede a section header)
/mnt/c/work/experiments/eventuate/eventuateEventSourcedActors/src/sphinx/adapters/stream.rst:13: WARNING: undefined label: replication-endpoints (if the link has no caption the label must precede a section header)
/mnt/c/work/experiments/eventuate/eventuateEventSourcedActors/src/sphinx/adapters/stream.rst:27: WARNING: undefined label: event-routing (if the link has no caption the label must precede a section header)
/mnt/c/work/experiments/eventuate/eventuateEventSourcedActors/src/sphinx/adapters/stream.rst:33: WARNING: undefined label: vector-clocks (if the link has no caption the label must precede a section header)
/mnt/c/work/experiments/eventuate/eventuateEventSourcedActors/src/sphinx/adapters/stream.rst:33: WARNING: undefined label: event-logs (if the link has no caption the label must precede a section header)
/mnt/c/work/experiments/eventuate/eventuateEventSourcedActors/src/sphinx/adapters/vertx.rst:234: WARNING: undefined label: replication-endpoints (if the link has no caption the label must precede a section header)
/mnt/c/work/experiments/eventuate/eventuateEventSourcedActors/src/sphinx/user-guide.rst:7: WARNING: undefined label: overview (if the link has no caption the label must precede a section header)
/mnt/c/work/experiments/eventuate/eventuateEventSourcedActors/src/sphinx/user-guide.rst:7: WARNING: undefined label: architecture (if the link has no caption the label must precede a section header)
/mnt/c/work/experiments/eventuate/eventuateEventSourcedActors/src/sphinx/user-guide.rst:21: WARNING: undefined label: reference (if the link has no caption the label must precede a section header)
/mnt/c/work/experiments/eventuate/eventuateEventSourcedActors/src/sphinx/user-guide.rst:71: WARNING: undefined label: event-log (if the link has no caption the label must precede a section header)
/mnt/c/work/experiments/eventuate/eventuateEventSourcedActors/src/sphinx/user-guide.rst:106: WARNING: undefined label: replicated-event-log (if the link has no caption the label must precede a section header)
/mnt/c/work/experiments/eventuate/eventuateEventSourcedActors/src/sphinx/user-guide.rst:173: WARNING: undefined label: vector-clocks (if the link has no caption the label must precede a section header)
/mnt/c/work/experiments/eventuate/eventuateEventSourcedActors/src/sphinx/user-guide.rst:209: WARNING: undefined label: event-routing (if the link has no caption the label must precede a section header)
/mnt/c/work/experiments/eventuate/eventuateEventSourcedActors/src/sphinx/user-guide.rst:257: WARNING: undefined label: example-application (if the link has no caption the label must precede a section header)
/mnt/c/work/experiments/eventuate/eventuateEventSourcedActors/src/sphinx/user-guide.rst:268: WARNING: undefined label: replicated-event-log (if the link has no caption the label must precede a section header)
/mnt/c/work/experiments/eventuate/eventuateEventSourcedActors/src/sphinx/user-guide.rst:282: WARNING: undefined label: snapshots (if the link has no caption the label must precede a section header)
/mnt/c/work/experiments/eventuate/eventuateEventSourcedActors/src/sphinx/user-guide.rst:307: WARNING: undefined label: event-routing (if the link has no caption the label must precede a section header)
/mnt/c/work/experiments/eventuate/eventuateEventSourcedActors/src/sphinx/user-guide.rst:310: WARNING: undefined label: ref-event-sourced-writers (if the link has no caption the label must precede a section header)
/mnt/c/work/experiments/eventuate/eventuateEventSourcedActors/src/sphinx/user-guide.rst:310: WARNING: undefined label: ref-event-sourced-processors (if the link has no caption the label must precede a section header)
generating indices... genindex
writing additional pages... search
copying static files... done
copying extra files... done
dumping search index in English (code: en) ... done
dumping object inventory... done
build succeeded, 81 warnings.
Copying tabbedcode stylesheet/javascript... done
